[0812/092327.019:ERROR:process_memory_win.cc(73)] ReadMemory at 0x7ff6132b0000 of 64 bytes failed: Only part of a ReadProcessMemory or WriteProcessMemory request was completed. (0x12B)
[0812/092327.367:WARNING:pe_image_reader.cc(340)] could not read dos header from C:\Program Files (x86)\Google\Chrome\Application\chrome.exe
[0812/092327.367:ERROR:process_memory_win.cc(73)] ReadMemory at 0x7ffe2b8e0000 of 64 bytes failed: Only part of a ReadProcessMemory or WriteProcessMemory request was completed. (0x12B)
[0812/092327.367:WARNING:pe_image_reader.cc(340)] could not read dos header from C:\Windows\SYSTEM32\ntdll.dll
[0812/092327.368:ERROR:process_memory_win.cc(73)] ReadMemory at 0x7ffe29320000 of 64 bytes failed: Only part of a ReadProcessMemory or WriteProcessMemory request was completed. (0x12B)
[0812/092327.394:WARNING:pe_image_reader.cc(340)] could not read dos header from C:\Windows\System32\KERNEL32.DLL
[0812/092327.394:ERROR:process_memory_win.cc(73)] ReadMemory at 0x7ffe28210000 of 64 bytes failed: Only part of a ReadProcessMemory or WriteProcessMemory request was completed. (0x12B)
[0812/092327.394:WARNING:pe_image_reader.cc(340)] could not read dos header from C:\Windows\System32\KERNELBASE.dll
[0812/092327.395:ERROR:process_memory_win.cc(73)] ReadMemory at 0x7ffe152f0000 of 64 bytes failed: Only part of a ReadProcessMemory or WriteProcessMemory request was completed. (0x12B)
[0812/092327.395:WARNING:pe_image_reader.cc(340)] could not read dos header from C:\Program Files (x86)\Google\Chrome\Application\76.0.3809.100\chrome_elf.dll
[0812/092327.395:ERROR:process_memory_win.cc(73)] ReadMemory at 0x7ffe1da30000 of 64 bytes failed: Only part of a ReadProcessMemory or WriteProcessMemory request was completed. (0x12B)
[0812/092327.395:WARNING:pe_image_reader.cc(340)] could not read dos header from C:\Windows\SYSTEM32\VERSION.dll
[0812/092327.395:ERROR:process_memory_win.cc(73)] ReadMemory at 0x7ffe2b810000 of 64 bytes failed: Only part of a ReadProcessMemory or WriteProcessMemory request was completed. (0x12B)
[0812/092327.395:WARNING:pe_image_reader.cc(340)] could not read dos header from C:\Windows\System32\msvcrt.dll
[0812/092327.395:ERROR:process_memory_win.cc(73)] ReadMemory at 0x7ffe28190000 of 64 bytes failed: Only part of a ReadProcessMemory or WriteProcessMemory request was completed. (0x12B)
[0812/092327.395:WARNING:pe_image_reader.cc(340)] could not read dos header from C:\Windows\System32\bcryptPrimitives.dll
[0812/092327.395:ERROR:process_memory_win.cc(73)] ReadMemory at 0x7ffe2abd0000 of 64 bytes failed: Only part of a ReadProcessMemory or WriteProcessMemory request was completed. (0x12B)
[0812/092327.395:WARNING:pe_image_reader.cc(340)] could not read dos header from C:\Windows\System32\ADVAPI32.dll
[0812/092327.395:ERROR:process_memory_win.cc(73)] ReadMemory at 0x7ffe2b540000 of 64 bytes failed: Only part of a ReadProcessMemory or WriteProcessMemory request was completed. (0x12B)
[0812/092327.395:WARNING:pe_image_reader.cc(340)] could not read dos header from C:\Windows\System32\sechost.dll
[0812/092327.395:ERROR:process_memory_win.cc(73)] ReadMemory at 0x7ffe295f0000 of 64 bytes failed: Only part of a ReadProcessMemory or WriteProcessMemory request was completed. (0x12B)
[0812/092327.395:WARNING:pe_image_reader.cc(340)] could not read dos header from C:\Windows\System32\RPCRT4.dll
[0812/092327.395:ERROR:process_memory_win.cc(73)] ReadMemory at 0x7ffddee20000 of 64 bytes failed: Only part of a ReadProcessMemory or WriteProcessMemory request was completed. (0x12B)
[0812/092327.396:WARNING:pe_image_reader.cc(340)] could not read dos header from C:\Program Files (x86)\Google\Chrome\Application\76.0.3809.100\chrome_child.dll
[0812/092327.396:ERROR:process_memory_win.cc(73)] ReadMemory at 0x7ffe2b3c0000 of 64 bytes failed: Only part of a ReadProcessMemory or WriteProcessMemory request was completed. (0x12B)
[0812/092327.396:WARNING:pe_image_reader.cc(340)] could not read dos header from C:\Windows\System32\OLEAUT32.dll
[0812/092327.396:ERROR:process_memory_win.cc(73)] ReadMemory at 0x7ffe28540000 of 64 bytes failed: Only part of a ReadProcessMemory or WriteProcessMemory request was completed. (0x12B)
[0812/092327.396:WARNING:pe_image_reader.cc(340)] could not read dos header from C:\Windows\System32\msvcp_win.dll
[0812/092327.396:ERROR:process_memory_win.cc(73)] ReadMemory at 0x7ffe27e50000 of 64 bytes failed: Only part of a ReadProcessMemory or WriteProcessMemory request was completed. (0x12B)
[0812/092327.396:WARNING:pe_image_reader.cc(340)] could not read dos header from C:\Windows\System32\ucrtbase.dll
[0812/092327.396:ERROR:process_memory_win.cc(73)] ReadMemory at 0x7ffe2b080000 of 64 bytes failed: Only part of a ReadProcessMemory or WriteProcessMemory request was completed. (0x12B)
[0812/092327.396:WARNING:pe_image_reader.cc(340)] could not read dos header from C:\Windows\System32\combase.dll
[0812/092327.396:ERROR:process_memory_win.cc(73)] ReadMemory at 0x7ffe2ae10000 of 64 bytes failed: Only part of a ReadProcessMemory or WriteProcessMemory request was completed. (0x12B)
[0812/092327.396:WARNING:pe_image_reader.cc(340)] could not read dos header from C:\Windows\System32\WS2_32.dll
[0812/092327.396:ERROR:process_memory_win.cc(73)] ReadMemory at 0x1a900010000 of 64 bytes failed: Only part of a ReadProcessMemory or WriteProcessMemory request was completed. (0x12B)
[0812/092327.396:WARNING:pe_image_reader.cc(340)] could not read dos header from C:\Windows\System32\GDI32.dll
[0812/092327.396:ERROR:process_memory_win.cc(73)] ReadMemory at 0x7ffe27cb0000 of 64 bytes failed: Only part of a ReadProcessMemory or WriteProcessMemory request was completed. (0x12B)
[0812/092327.396:WARNING:pe_image_reader.cc(340)] could not read dos header from C:\Windows\System32\gdi32full.dll
[0812/092327.396:ERROR:process_memory_win.cc(73)] ReadMemory at 0x7ffe2ac80000 of 64 bytes failed: Only part of a ReadProcessMemory or WriteProcessMemory request was completed. (0x12B)
[0812/092327.396:WARNING:pe_image_reader.cc(340)] could not read dos header from C:\Windows\System32\USER32.dll
[0812/092327.397:ERROR:process_memory_win.cc(73)] ReadMemory at 0x7ffe28d50000 of 64 bytes failed: Only part of a ReadProcessMemory or WriteProcessMemory request was completed. (0x12B)
[0812/092327.397:WARNING:pe_image_reader.cc(340)] could not read dos header from C:\Windows\System32\win32u.dll
[0812/092327.397:ERROR:process_memory_win.cc(73)] ReadMemory at 0x7ffe285e0000 of 64 bytes failed: Only part of a ReadProcessMemory or WriteProcessMemory request was completed. (0x12B)
[0812/092327.397:WARNING:pe_image_reader.cc(340)] could not read dos header from C:\Windows\System32\WINTRUST.dll
[0812/092327.397:ERROR:process_memory_win.cc(73)] ReadMemory at 0x7ffe27bf0000 of 64 bytes failed: Only part of a ReadProcessMemory or WriteProcessMemory request was completed. (0x12B)
[0812/092327.397:WARNING:pe_image_reader.cc(340)] could not read dos header from C:\Windows\System32\MSASN1.dll
[0812/092327.397:ERROR:process_memory_win.cc(73)] ReadMemory at 0x7ffe27f50000 of 64 bytes failed: Only part of a ReadProcessMemory or WriteProcessMemory request was completed. (0x12B)
[0812/092327.397:WARNING:pe_image_reader.cc(340)] could not read dos header from C:\Windows\System32\CRYPT32.dll
[0812/092327.397:ERROR:process_memory_win.cc(73)] ReadMemory at 0x7ffe27200000 of 64 bytes failed: Only part of a ReadProcessMemory or WriteProcessMemory request was completed. (0x12B)
[0812/092327.397:WARNING:pe_image_reader.cc(340)] could not read dos header from C:\Windows\SYSTEM32\IPHLPAPI.DLL
[0812/092327.397:ERROR:process_memory_win.cc(73)] ReadMemory at 0x7ffe24a90000 of 64 bytes failed: Only part of a ReadProcessMemory or WriteProcessMemory request was completed. (0x12B)
[0812/092327.397:WARNING:pe_image_reader.cc(340)] could not read dos header from C:\Windows\SYSTEM32\WINMM.dll
[0812/092327.397:ERROR:process_memory_win.cc(73)] ReadMemory at 0x7ffe27af0000 of 64 bytes failed: Only part of a ReadProcessMemory or WriteProcessMemory request was completed. (0x12B)
[0812/092327.397:WARNING:pe_image_reader.cc(340)] could not read dos header from C:\Windows\SYSTEM32\USERENV.dll
[0812/092327.397:ERROR:process_memory_win.cc(73)] ReadMemory at 0x7ffe27c20000 of 64 bytes failed: Only part of a ReadProcessMemory or WriteProcessMemory request was completed. (0x12B)
[0812/092327.397:WARNING:pe_image_reader.cc(340)] could not read dos header from C:\Windows\System32\profapi.dll
[0812/092327.397:ERROR:process_memory_win.cc(73)] ReadMemory at 0x7ffe15770000 of 64 bytes failed: Only part of a ReadProcessMemory or WriteProcessMemory request was completed. (0x12B)
[0812/092327.397:WARNING:pe_image_reader.cc(340)] could not read dos header from C:\Windows\SYSTEM32\DWrite.dll
[0812/092327.398:ERROR:process_memory_win.cc(73)] ReadMemory at 0x7ffe13840000 of 64 bytes failed: Only part of a ReadProcessMemory or WriteProcessMemory request was completed. (0x12B)
[0812/092327.398:WARNING:pe_image_reader.cc(340)] could not read dos header from C:\Windows\SYSTEM32\WINSPOOL.DRV
[0812/092327.398:ERROR:process_memory_win.cc(73)] ReadMemory at 0x7ffe27c40000 of 64 bytes failed: Only part of a ReadProcessMemory or WriteProcessMemory request was completed. (0x12B)
[0812/092327.398:WARNING:pe_image_reader.cc(340)] could not read dos header from C:\Windows\System32\kernel.appcore.dll
[0812/092327.398:ERROR:process_memory_win.cc(73)] ReadMemory at 0x7ffe1ac40000 of 64 bytes failed: Only part of a ReadProcessMemory or WriteProcessMemory request was completed. (0x12B)
[0812/092327.398:WARNING:pe_image_reader.cc(340)] could not read dos header from C:\Windows\SYSTEM32\dbghelp.dll
[0812/092327.398:ERROR:process_memory_win.cc(73)] ReadMemory at 0x7ffe1dad0000 of 64 bytes failed: Only part of a ReadProcessMemory or WriteProcessMemory request was completed. (0x12B)
[0812/092327.398:WARNING:pe_image_reader.cc(340)] could not read dos header from C:\Windows\SYSTEM32\WINHTTP.dll
[0812/092327.398:ERROR:process_memory_win.cc(73)] ReadMemory at 0x7ffe1abe0000 of 64 bytes failed: Only part of a ReadProcessMemory or WriteProcessMemory request was completed. (0x12B)
[0812/092327.398:WARNING:pe_image_reader.cc(340)] could not read dos header from C:\Windows\SYSTEM32\Secur32.dll
[0812/092327.398:ERROR:process_memory_win.cc(73)] ReadMemory at 0x7ffe1e960000 of 64 bytes failed: Only part of a ReadProcessMemory or WriteProcessMemory request was completed. (0x12B)
[0812/092327.398:WARNING:pe_image_reader.cc(340)] could not read dos header from C:\Windows\SYSTEM32\dhcpcsvc.DLL
[0812/092327.398:ERROR:process_memory_win.cc(73)] ReadMemory at 0x7ffe29720000 of 64 bytes failed: Only part of a ReadProcessMemory or WriteProcessMemory request was completed. (0x12B)
[0812/092327.398:WARNING:pe_image_reader.cc(340)] could not read dos header from C:\Windows\System32\NSI.dll
[0812/092327.398:ERROR:process_memory_win.cc(73)] ReadMemory at 0x7ffe24a60000 of 64 bytes failed: Only part of a ReadProcessMemory or WriteProcessMemory request was completed. (0x12B)
[0812/092327.398:WARNING:pe_image_reader.cc(340)] could not read dos header from C:\Windows\SYSTEM32\WINMMBASE.dll
[0812/092327.399:ERROR:process_memory_win.cc(73)] ReadMemory at 0x7ffe28140000 of 64 bytes failed: Only part of a ReadProcessMemory or WriteProcessMemory request was completed. (0x12B)
[0812/092327.399:WARNING:pe_image_reader.cc(340)] could not read dos header from C:\Windows\System32\cfgmgr32.dll
[0812/092327.399:ERROR:process_memory_win.cc(73)] ReadMemory at 0x7ffe246c0000 of 64 bytes failed: Only part of a ReadProcessMemory or WriteProcessMemory request was completed. (0x12B)
[0812/092327.399:WARNING:pe_image_reader.cc(340)] could not read dos header from C:\Windows\SYSTEM32\PROPSYS.dll
[0812/092327.399:ERROR:process_memory_win.cc(73)] ReadMemory at 0x7ffe2b490000 of 64 bytes failed: Only part of a ReadProcessMemory or WriteProcessMemory request was completed. (0x12B)
[0812/092327.399:WARNING:pe_image_reader.cc(340)] could not read dos header from C:\Windows\System32\shcore.dll
[0812/092327.399:ERROR:process_memory_win.cc(73)] ReadMemory at 0x7ffe27750000 of 64 bytes failed: Only part of a ReadProcessMemory or WriteProcessMemory request was completed. (0x12B)
[0812/092327.399:WARNING:pe_image_reader.cc(340)] could not read dos header from C:\Windows\SYSTEM32\bcrypt.dll
[0812/092327.399:ERROR:process_memory_win.cc(73)] ReadMemory at 0x7ffe27b20000 of 64 bytes failed: Only part of a ReadProcessMemory or WriteProcessMemory request was completed. (0x12B)
[0812/092327.399:WARNING:pe_image_reader.cc(340)] could not read dos header from C:\Windows\SYSTEM32\SSPICLI.DLL
[0812/092327.399:ERROR:process_memory_win.cc(73)] ReadMemory at 0x7ffe295b0000 of 64 bytes failed: Only part of a ReadProcessMemory or WriteProcessMemory request was completed. (0x12B)
[0812/092327.399:WARNING:pe_image_reader.cc(340)] could not read dos header from C:\Windows\System32\IMM32.DLL
[0812/092327.399:ERROR:process_memory_win.cc(73)] ReadMemory at 0x7ffe27640000 of 64 bytes failed: Only part of a ReadProcessMemory or WriteProcessMemory request was completed. (0x12B)
[0812/092327.399:WARNING:pe_image_reader.cc(340)] could not read dos header from C:\Windows\SYSTEM32\CRYPTBASE.DLL
[0812/092327.399:ERROR:process_memory_win.cc(73)] ReadMemory at 0x7ff6132b0000 of 64 bytes failed: Only part of a ReadProcessMemory or WriteProcessMemory request was completed. (0x12B)
[0812/092327.399:WARNING:pe_image_reader.cc(340)] could not read dos header from C:\Program Files (x86)\Google\Chrome\Application\chrome.exe
[0812/092327.399:ERROR:process_memory_win.cc(73)] ReadMemory at 0x7ffe2b8e0000 of 64 bytes failed: Only part of a ReadProcessMemory or WriteProcessMemory request was completed. (0x12B)
[0812/092327.399:WARNING:pe_image_reader.cc(340)] could not read dos header from C:\Windows\SYSTEM32\ntdll.dll
[0812/092327.399:ERROR:process_memory_win.cc(73)] ReadMemory at 0x7ffe29320000 of 64 bytes failed: Only part of a ReadProcessMemory or WriteProcessMemory request was completed. (0x12B)
[0812/092327.399:WARNING:pe_image_reader.cc(340)] could not read dos header from C:\Windows\System32\KERNEL32.DLL
[0812/092327.400:ERROR:process_memory_win.cc(73)] ReadMemory at 0x7ffe28210000 of 64 bytes failed: Only part of a ReadProcessMemory or WriteProcessMemory request was completed. (0x12B)
[0812/092327.400:WARNING:pe_image_reader.cc(340)] could not read dos header from C:\Windows\System32\KERNELBASE.dll
[0812/092327.400:ERROR:process_memory_win.cc(73)] ReadMemory at 0x7ffe152f0000 of 64 bytes failed: Only part of a ReadProcessMemory or WriteProcessMemory request was completed. (0x12B)
[0812/092327.400:WARNING:pe_image_reader.cc(340)] could not read dos header from C:\Program Files (x86)\Google\Chrome\Application\76.0.3809.100\chrome_elf.dll
[0812/092327.400:ERROR:process_memory_win.cc(73)] ReadMemory at 0x7ffe1da30000 of 64 bytes failed: Only part of a ReadProcessMemory or WriteProcessMemory request was completed. (0x12B)
[0812/092327.400:WARNING:pe_image_reader.cc(340)] could not read dos header from C:\Windows\SYSTEM32\VERSION.dll
[0812/092327.400:ERROR:process_memory_win.cc(73)] ReadMemory at 0x7ffe2b810000 of 64 bytes failed: Only part of a ReadProcessMemory or WriteProcessMemory request was completed. (0x12B)
[0812/092327.400:WARNING:pe_image_reader.cc(340)] could not read dos header from C:\Windows\System32\msvcrt.dll
[0812/092327.400:ERROR:process_memory_win.cc(73)] ReadMemory at 0x7ffe28190000 of 64 bytes failed: Only part of a ReadProcessMemory or WriteProcessMemory request was completed. (0x12B)
[0812/092327.400:WARNING:pe_image_reader.cc(340)] could not read dos header from C:\Windows\System32\bcryptPrimitives.dll
[0812/092327.400:ERROR:process_memory_win.cc(73)] ReadMemory at 0x7ffe2abd0000 of 64 bytes failed: Only part of a ReadProcessMemory or WriteProcessMemory request was completed. (0x12B)
[0812/092327.400:WARNING:pe_image_reader.cc(340)] could not read dos header from C:\Windows\System32\ADVAPI32.dll
[0812/092327.400:ERROR:process_memory_win.cc(73)] ReadMemory at 0x7ffe2b540000 of 64 bytes failed: Only part of a ReadProcessMemory or WriteProcessMemory request was completed. (0x12B)
[0812/092327.400:WARNING:pe_image_reader.cc(340)] could not read dos header from C:\Windows\System32\sechost.dll
[0812/092327.400:ERROR:process_memory_win.cc(73)] ReadMemory at 0x7ffe295f0000 of 64 bytes failed: Only part of a ReadProcessMemory or WriteProcessMemory request was completed. (0x12B)
[0812/092327.400:WARNING:pe_image_reader.cc(340)] could not read dos header from C:\Windows\System32\RPCRT4.dll
[0812/092327.400:ERROR:process_memory_win.cc(73)] ReadMemory at 0x7ffddee20000 of 64 bytes failed: Only part of a ReadProcessMemory or WriteProcessMemory request was completed. (0x12B)
[0812/092327.401:WARNING:pe_image_reader.cc(340)] could not read dos header from C:\Program Files (x86)\Google\Chrome\Application\76.0.3809.100\chrome_child.dll
[0812/092327.401:ERROR:process_memory_win.cc(73)] ReadMemory at 0x7ffe2b3c0000 of 64 bytes failed: Only part of a ReadProcessMemory or WriteProcessMemory request was completed. (0x12B)
[0812/092327.401:WARNING:pe_image_reader.cc(340)] could not read dos header from C:\Windows\System32\OLEAUT32.dll
[0812/092327.401:ERROR:process_memory_win.cc(73)] ReadMemory at 0x7ffe28540000 of 64 bytes failed: Only part of a ReadProcessMemory or WriteProcessMemory request was completed. (0x12B)
[0812/092327.401:WARNING:pe_image_reader.cc(340)] could not read dos header from C:\Windows\System32\msvcp_win.dll
[0812/092327.401:ERROR:process_memory_win.cc(73)] ReadMemory at 0x7ffe27e50000 of 64 bytes failed: Only part of a ReadProcessMemory or WriteProcessMemory request was completed. (0x12B)
[0812/092327.401:WARNING:pe_image_reader.cc(340)] could not read dos header from C:\Windows\System32\ucrtbase.dll
[0812/092327.401:ERROR:process_memory_win.cc(73)] ReadMemory at 0x7ffe2b080000 of 64 bytes failed: Only part of a ReadProcessMemory or WriteProcessMemory request was completed. (0x12B)
[0812/092327.401:WARNING:pe_image_reader.cc(340)] could not read dos header from C:\Windows\System32\combase.dll
[0812/092327.401:ERROR:process_memory_win.cc(73)] ReadMemory at 0x7ffe2ae10000 of 64 bytes failed: Only part of a ReadProcessMemory or WriteProcessMemory request was completed. (0x12B)
[0812/092327.401:WARNING:pe_image_reader.cc(340)] could not read dos header from C:\Windows\System32\WS2_32.dll
[0812/092327.401:ERROR:process_memory_win.cc(73)] ReadMemory at 0x1a900010000 of 64 bytes failed: Only part of a ReadProcessMemory or WriteProcessMemory request was completed. (0x12B)
[0812/092327.401:WARNING:pe_image_reader.cc(340)] could not read dos header from C:\Windows\System32\GDI32.dll
[0812/092327.401:ERROR:process_memory_win.cc(73)] ReadMemory at 0x7ffe27cb0000 of 64 bytes failed: Only part of a ReadProcessMemory or WriteProcessMemory request was completed. (0x12B)
[0812/092327.401:WARNING:pe_image_reader.cc(340)] could not read dos header from C:\Windows\System32\gdi32full.dll
[0812/092327.401:ERROR:process_memory_win.cc(73)] ReadMemory at 0x7ffe2ac80000 of 64 bytes failed: Only part of a ReadProcessMemory or WriteProcessMemory request was completed. (0x12B)
[0812/092327.401:WARNING:pe_image_reader.cc(340)] could not read dos header from C:\Windows\System32\USER32.dll
[0812/092327.401:ERROR:process_memory_win.cc(73)] ReadMemory at 0x7ffe28d50000 of 64 bytes failed: Only part of a ReadProcessMemory or WriteProcessMemory request was completed. (0x12B)
[0812/092327.401:WARNING:pe_image_reader.cc(340)] could not read dos header from C:\Windows\System32\win32u.dll
[0812/092327.401:ERROR:process_memory_win.cc(73)] ReadMemory at 0x7ffe285e0000 of 64 bytes failed: Only part of a ReadProcessMemory or WriteProcessMemory request was completed. (0x12B)
[0812/092327.402:WARNING:pe_image_reader.cc(340)] could not read dos header from C:\Windows\System32\WINTRUST.dll
[0812/092327.402:ERROR:process_memory_win.cc(73)] ReadMemory at 0x7ffe27bf0000 of 64 bytes failed: Only part of a ReadProcessMemory or WriteProcessMemory request was completed. (0x12B)
[0812/092327.402:WARNING:pe_image_reader.cc(340)] could not read dos header from C:\Windows\System32\MSASN1.dll
[0812/092327.402:ERROR:process_memory_win.cc(73)] ReadMemory at 0x7ffe27f50000 of 64 bytes failed: Only part of a ReadProcessMemory or WriteProcessMemory request was completed. (0x12B)
[0812/092327.402:WARNING:pe_image_reader.cc(340)] could not read dos header from C:\Windows\System32\CRYPT32.dll
[0812/092327.402:ERROR:process_memory_win.cc(73)] ReadMemory at 0x7ffe27200000 of 64 bytes failed: Only part of a ReadProcessMemory or WriteProcessMemory request was completed. (0x12B)
[0812/092327.402:WARNING:pe_image_reader.cc(340)] could not read dos header from C:\Windows\SYSTEM32\IPHLPAPI.DLL
[0812/092327.402:ERROR:process_memory_win.cc(73)] ReadMemory at 0x7ffe24a90000 of 64 bytes failed: Only part of a ReadProcessMemory or WriteProcessMemory request was completed. (0x12B)
[0812/092327.402:WARNING:pe_image_reader.cc(340)] could not read dos header from C:\Windows\SYSTEM32\WINMM.dll
[0812/092327.402:ERROR:process_memory_win.cc(73)] ReadMemory at 0x7ffe27af0000 of 64 bytes failed: Only part of a ReadProcessMemory or WriteProcessMemory request was completed. (0x12B)
[0812/092327.402:WARNING:pe_image_reader.cc(340)] could not read dos header from C:\Windows\SYSTEM32\USERENV.dll
[0812/092327.402:ERROR:process_memory_win.cc(73)] ReadMemory at 0x7ffe27c20000 of 64 bytes failed: Only part of a ReadProcessMemory or WriteProcessMemory request was completed. (0x12B)
[0812/092327.402:WARNING:pe_image_reader.cc(340)] could not read dos header from C:\Windows\System32\profapi.dll
[0812/092327.402:ERROR:process_memory_win.cc(73)] ReadMemory at 0x7ffe15770000 of 64 bytes failed: Only part of a ReadProcessMemory or WriteProcessMemory request was completed. (0x12B)
[0812/092327.402:WARNING:pe_image_reader.cc(340)] could not read dos header from C:\Windows\SYSTEM32\DWrite.dll
[0812/092327.402:ERROR:process_memory_win.cc(73)] ReadMemory at 0x7ffe13840000 of 64 bytes failed: Only part of a ReadProcessMemory or WriteProcessMemory request was completed. (0x12B)
[0812/092327.402:WARNING:pe_image_reader.cc(340)] could not read dos header from C:\Windows\SYSTEM32\WINSPOOL.DRV
[0812/092327.402:ERROR:process_memory_win.cc(73)] ReadMemory at 0x7ffe27c40000 of 64 bytes failed: Only part of a ReadProcessMemory or WriteProcessMemory request was completed. (0x12B)
[0812/092327.402:WARNING:pe_image_reader.cc(340)] could not read dos header from C:\Windows\System32\kernel.appcore.dll
[0812/092327.403:ERROR:process_memory_win.cc(73)] ReadMemory at 0x7ffe1ac40000 of 64 bytes failed: Only part of a ReadProcessMemory or WriteProcessMemory request was completed. (0x12B)
[0812/092327.403:WARNING:pe_image_reader.cc(340)] could not read dos header from C:\Windows\SYSTEM32\dbghelp.dll
[0812/092327.403:ERROR:process_memory_win.cc(73)] ReadMemory at 0x7ffe1dad0000 of 64 bytes failed: Only part of a ReadProcessMemory or WriteProcessMemory request was completed. (0x12B)
[0812/092327.403:WARNING:pe_image_reader.cc(340)] could not read dos header from C:\Windows\SYSTEM32\WINHTTP.dll
[0812/092327.403:ERROR:process_memory_win.cc(73)] ReadMemory at 0x7ffe1abe0000 of 64 bytes failed: Only part of a ReadProcessMemory or WriteProcessMemory request was completed. (0x12B)
[0812/092327.403:WARNING:pe_image_reader.cc(340)] could not read dos header from C:\Windows\SYSTEM32\Secur32.dll
[0812/092327.403:ERROR:process_memory_win.cc(73)] ReadMemory at 0x7ffe1e960000 of 64 bytes failed: Only part of a ReadProcessMemory or WriteProcessMemory request was completed. (0x12B)
[0812/092327.403:WARNING:pe_image_reader.cc(340)] could not read dos header from C:\Windows\SYSTEM32\dhcpcsvc.DLL
[0812/092327.403:ERROR:process_memory_win.cc(73)] ReadMemory at 0x7ffe29720000 of 64 bytes failed: Only part of a ReadProcessMemory or WriteProcessMemory request was completed. (0x12B)
[0812/092327.403:WARNING:pe_image_reader.cc(340)] could not read dos header from C:\Windows\System32\NSI.dll
[0812/092327.403:ERROR:process_memory_win.cc(73)] ReadMemory at 0x7ffe24a60000 of 64 bytes failed: Only part of a ReadProcessMemory or WriteProcessMemory request was completed. (0x12B)
[0812/092327.403:WARNING:pe_image_reader.cc(340)] could not read dos header from C:\Windows\SYSTEM32\WINMMBASE.dll
[0812/092327.403:ERROR:process_memory_win.cc(73)] ReadMemory at 0x7ffe28140000 of 64 bytes failed: Only part of a ReadProcessMemory or WriteProcessMemory request was completed. (0x12B)
[0812/092327.403:WARNING:pe_image_reader.cc(340)] could not read dos header from C:\Windows\System32\cfgmgr32.dll
[0812/092327.403:ERROR:process_memory_win.cc(73)] ReadMemory at 0x7ffe246c0000 of 64 bytes failed: Only part of a ReadProcessMemory or WriteProcessMemory request was completed. (0x12B)
[0812/092327.403:WARNING:pe_image_reader.cc(340)] could not read dos header from C:\Windows\SYSTEM32\PROPSYS.dll
[0812/092327.403:ERROR:process_memory_win.cc(73)] ReadMemory at 0x7ffe2b490000 of 64 bytes failed: Only part of a ReadProcessMemory or WriteProcessMemory request was completed. (0x12B)
[0812/092327.403:WARNING:pe_image_reader.cc(340)] could not read dos header from C:\Windows\System32\shcore.dll
[0812/092327.403:ERROR:process_memory_win.cc(73)] ReadMemory at 0x7ffe27750000 of 64 bytes failed: Only part of a ReadProcessMemory or WriteProcessMemory request was completed. (0x12B)
[0812/092327.404:WARNING:pe_image_reader.cc(340)] could not read dos header from C:\Windows\SYSTEM32\bcrypt.dll
[0812/092327.404:ERROR:process_memory_win.cc(73)] ReadMemory at 0x7ffe27b20000 of 64 bytes failed: Only part of a ReadProcessMemory or WriteProcessMemory request was completed. (0x12B)
[0812/092327.404:WARNING:pe_image_reader.cc(340)] could not read dos header from C:\Windows\SYSTEM32\SSPICLI.DLL
[0812/092327.404:ERROR:process_memory_win.cc(73)] ReadMemory at 0x7ffe295b0000 of 64 bytes failed: Only part of a ReadProcessMemory or WriteProcessMemory request was completed. (0x12B)
[0812/092327.404:WARNING:pe_image_reader.cc(340)] could not read dos header from C:\Windows\System32\IMM32.DLL
[0812/092327.404:ERROR:process_memory_win.cc(73)] ReadMemory at 0x7ffe27640000 of 64 bytes failed: Only part of a ReadProcessMemory or WriteProcessMemory request was completed. (0x12B)
[0812/092327.404:WARNING:pe_image_reader.cc(340)] could not read dos header from C:\Windows\SYSTEM32\CRYPTBASE.DLL
[0812/092328.205:ERROR:process_memory_win.cc(73)] ReadMemory at 0xefabed000 of 77824 bytes failed: Only part of a ReadProcessMemory or WriteProcessMemory request was completed. (0x12B)
[0812/092328.206:ERROR:process_memory_win.cc(73)] ReadMemory at 0xefadfd000 of 12288 bytes failed: Only part of a ReadProcessMemory or WriteProcessMemory request was completed. (0x12B)
[0812/092328.206:ERROR:process_memory_win.cc(73)] ReadMemory at 0xefb1fd000 of 12288 bytes failed: Only part of a ReadProcessMemory or WriteProcessMemory request was completed. (0x12B)
[0812/092328.206:ERROR:process_memory_win.cc(73)] ReadMemory at 0xefb3fb000 of 20480 bytes failed: Only part of a ReadProcessMemory or WriteProcessMemory request was completed. (0x12B)
[0812/092328.206:ERROR:process_memory_win.cc(73)] ReadMemory at 0xefb5fe000 of 8192 bytes failed: Only part of a ReadProcessMemory or WriteProcessMemory request was completed. (0x12B)
[0812/092328.207:ERROR:process_memory_win.cc(73)] ReadMemory at 0xefb7fd000 of 12288 bytes failed: Only part of a ReadProcessMemory or WriteProcessMemory request was completed. (0x12B)
[0812/092328.207:ERROR:process_memory_win.cc(73)] ReadMemory at 0xefb9fb000 of 20480 bytes failed: Only part of a ReadProcessMemory or WriteProcessMemory request was completed. (0x12B)
[0812/092328.207:ERROR:process_memory_win.cc(73)] ReadMemory at 0xefbbf5000 of 45056 bytes failed: Only part of a ReadProcessMemory or WriteProcessMemory request was completed. (0x12B)
[0812/092328.207:ERROR:process_memory_win.cc(73)] ReadMemory at 0xefbdf5000 of 45056 bytes failed: Only part of a ReadProcessMemory or WriteProcessMemory request was completed. (0x12B)
[0812/092328.208:ERROR:process_memory_win.cc(73)] ReadMemory at 0xefbffc000 of 16384 bytes failed: Only part of a ReadProcessMemory or WriteProcessMemory request was completed. (0x12B)
[0812/092328.208:ERROR:process_memory_win.cc(73)] ReadMemory at 0xefc7fd000 of 12288 bytes failed: Only part of a ReadProcessMemory or WriteProcessMemory request was completed. (0x12B)
[0812/092328.208:ERROR:process_memory_win.cc(73)] ReadMemory at 0xefaffd000 of 12288 bytes failed: Only part of a ReadProcessMemory or WriteProcessMemory request was completed. (0x12B)
[0812/092328.208:ERROR:process_memory_win.cc(73)] ReadMemory at 0xefc1fd000 of 12288 bytes failed: Only part of a ReadProcessMemory or WriteProcessMemory request was completed. (0x12B)
[0812/092328.209:ERROR:process_memory_win.cc(73)] ReadMemory at 0xefc3fc000 of 16384 bytes failed: Only part of a ReadProcessMemory or WriteProcessMemory request was completed. (0x12B)
[0812/092328.209:ERROR:process_memory_win.cc(73)] ReadMemory at 0xefc5fe000 of 8192 bytes failed: Only part of a ReadProcessMemory or WriteProcessMemory request was completed. (0x12B)
[0812/092328.209:ERROR:process_memory_win.cc(73)] ReadMemory at 0xefa95c000 of 852 bytes failed: Only part of a ReadProcessMemory or WriteProcessMemory request was completed. (0x12B)
[0812/092328.209:ERROR:process_memory_win.cc(73)] ReadMemory at 0xefa95d000 of 6024 bytes failed: Only part of a ReadProcessMemory or WriteProcessMemory request was completed. (0x12B)
[0812/092328.209:ERROR:process_memory_win.cc(73)] ReadMemory at 0xefa95f000 of 6024 bytes failed: Only part of a ReadProcessMemory or WriteProcessMemory request was completed. (0x12B)
[0812/092328.209:ERROR:process_memory_win.cc(73)] ReadMemory at 0xefa963000 of 6024 bytes failed: Only part of a ReadProcessMemory or WriteProcessMemory request was completed. (0x12B)
[0812/092328.210:ERROR:process_memory_win.cc(73)] ReadMemory at 0xefa965000 of 6024 bytes failed: Only part of a ReadProcessMemory or WriteProcessMemory request was completed. (0x12B)
[0812/092328.210:ERROR:process_memory_win.cc(73)] ReadMemory at 0xefa967000 of 6024 bytes failed: Only part of a ReadProcessMemory or WriteProcessMemory request was completed. (0x12B)
[0812/092328.210:ERROR:process_memory_win.cc(73)] ReadMemory at 0xefa969000 of 6024 bytes failed: Only part of a ReadProcessMemory or WriteProcessMemory request was completed. (0x12B)
[0812/092328.210:ERROR:process_memory_win.cc(73)] ReadMemory at 0xefa96b000 of 6024 bytes failed: Only part of a ReadProcessMemory or WriteProcessMemory request was completed. (0x12B)
[0812/092328.210:ERROR:process_memory_win.cc(73)] ReadMemory at 0xefa96d000 of 6024 bytes failed: Only part of a ReadProcessMemory or WriteProcessMemory request was completed. (0x12B)
[0812/092328.211:ERROR:process_memory_win.cc(73)] ReadMemory at 0xefa96f000 of 6024 bytes failed: Only part of a ReadProcessMemory or WriteProcessMemory request was completed. (0x12B)
[0812/092328.211:ERROR:process_memory_win.cc(73)] ReadMemory at 0xefa971000 of 6024 bytes failed: Only part of a ReadProcessMemory or WriteProcessMemory request was completed. (0x12B)
[0812/092328.211:ERROR:process_memory_win.cc(73)] ReadMemory at 0xefa987000 of 6024 bytes failed: Only part of a ReadProcessMemory or WriteProcessMemory request was completed. (0x12B)
[0812/092328.211:ERROR:process_memory_win.cc(73)] ReadMemory at 0xefa995000 of 6024 bytes failed: Only part of a ReadProcessMemory or WriteProcessMemory request was completed. (0x12B)
[0812/092328.211:ERROR:process_memory_win.cc(73)] ReadMemory at 0xefa99f000 of 6024 bytes failed: Only part of a ReadProcessMemory or WriteProcessMemory request was completed. (0x12B)
[0812/092328.212:ERROR:process_memory_win.cc(73)] ReadMemory at 0xefa9a1000 of 6024 bytes failed: Only part of a ReadProcessMemory or WriteProcessMemory request was completed. (0x12B)
[0812/092328.212:ERROR:process_memory_win.cc(73)] ReadMemory at 0xefa9a3000 of 6024 bytes failed: Only part of a ReadProcessMemory or WriteProcessMemory request was completed. (0x12B)
[0812/092328.212:ERROR:process_memory_win.cc(73)] ReadMemory at 0x1a9002d6f00 of 512 bytes failed: Only part of a ReadProcessMemory or WriteProcessMemory request was completed. (0x12B)
[0812/092328.212:ERROR:process_memory_win.cc(73)] ReadMemory at 0x1a9002e2598 of 512 bytes failed: Only part of a ReadProcessMemory or WriteProcessMemory request was completed. (0x12B)
[0812/092328.212:ERROR:process_memory_win.cc(73)] ReadMemory at 0x1a9002f0930 of 712 bytes failed: Only part of a ReadProcessMemory or WriteProcessMemory request was completed. (0x12B)
[0812/092328.212:ERROR:process_memory_win.cc(73)] ReadMemory at 0x1a9002fab70 of 512 bytes failed: Only part of a ReadProcessMemory or WriteProcessMemory request was completed. (0x12B)
[0812/092328.212:ERROR:process_memory_win.cc(73)] ReadMemory at 0x1a900305a08 of 512 bytes failed: Only part of a ReadProcessMemory or WriteProcessMemory request was completed. (0x12B)
[0812/092328.212:ERROR:process_memory_win.cc(73)] ReadMemory at 0x1a900311510 of 512 bytes failed: Only part of a ReadProcessMemory or WriteProcessMemory request was completed. (0x12B)
[0812/092328.213:ERROR:process_memory_win.cc(73)] ReadMemory at 0x1a90031c388 of 512 bytes failed: Only part of a ReadProcessMemory or WriteProcessMemory request was completed. (0x12B)
[0812/092328.213:ERROR:process_memory_win.cc(73)] ReadMemory at 0x1a900329d08 of 512 bytes failed: Only part of a ReadProcessMemory or WriteProcessMemory request was completed. (0x12B)
[0812/092328.213:ERROR:process_memory_win.cc(73)] ReadMemory at 0x1a90032a968 of 512 bytes failed: Only part of a ReadProcessMemory or WriteProcessMemory request was completed. (0x12B)
[0812/092328.213:ERROR:process_memory_win.cc(73)] ReadMemory at 0x1a90032acc8 of 512 bytes failed: Only part of a ReadProcessMemory or WriteProcessMemory request was completed. (0x12B)
[0812/092328.213:ERROR:process_memory_win.cc(73)] ReadMemory at 0x1a900388c00 of 512 bytes failed: Only part of a ReadProcessMemory or WriteProcessMemory request was completed. (0x12B)
[0812/092328.213:ERROR:process_memory_win.cc(73)] ReadMemory at 0x1a902146f20 of 512 bytes failed: Only part of a ReadProcessMemory or WriteProcessMemory request was completed. (0x12B)
[0812/092328.213:ERROR:process_memory_win.cc(73)] ReadMemory at 0x1a9022bfc2f of 512 bytes failed: Only part of a ReadProcessMemory or WriteProcessMemory request was completed. (0x12B)
[0812/092328.213:ERROR:process_memory_win.cc(73)] ReadMemory at 0x1a902d4a1d0 of 512 bytes failed: Only part of a ReadProcessMemory or WriteProcessMemory request was completed. (0x12B)
[0812/092328.213:ERROR:process_memory_win.cc(73)] ReadMemory at 0x1a902e89460 of 512 bytes failed: Only part of a ReadProcessMemory or WriteProcessMemory request was completed. (0x12B)
[0812/092328.213:ERROR:process_memory_win.cc(73)] ReadMemory at 0x1a904327a40 of 512 bytes failed: Only part of a ReadProcessMemory or WriteProcessMemory request was completed. (0x12B)
[0812/092328.214:ERROR:process_memory_win.cc(73)] ReadMemory at 0x1a904449a70 of 512 bytes failed: Only part of a ReadProcessMemory or WriteProcessMemory request was completed. (0x12B)
[0812/092328.214:ERROR:process_memory_win.cc(73)] ReadMemory at 0x1a904462850 of 512 bytes failed: Only part of a ReadProcessMemory or WriteProcessMemory request was completed. (0x12B)
[0812/092328.214:ERROR:process_memory_win.cc(73)] ReadMemory at 0x1a904463260 of 512 bytes failed: Only part of a ReadProcessMemory or WriteProcessMemory request was completed. (0x12B)
[0812/092328.214:ERROR:process_memory_win.cc(73)] ReadMemory at 0x1a904a15dfd of 512 bytes failed: Only part of a ReadProcessMemory or WriteProcessMemory request was completed. (0x12B)
[0812/092328.214:ERROR:process_memory_win.cc(73)] ReadMemory at 0x1a904b5ddd0 of 512 bytes failed: Only part of a ReadProcessMemory or WriteProcessMemory request was completed. (0x12B)
[0812/092328.214:ERROR:process_memory_win.cc(73)] ReadMemory at 0x1a97bb50fc0 of 5932 bytes failed: Only part of a ReadProcessMemory or WriteProcessMemory request was completed. (0x12B)
[0812/092328.214:ERROR:process_memory_win.cc(73)] ReadMemory at 0x1a97bb52700 of 1012 bytes failed: Only part of a ReadProcessMemory or WriteProcessMemory request was completed. (0x12B)
[0812/092328.214:ERROR:process_memory_win.cc(73)] ReadMemory at 0x1a97bb52d18 of 118 bytes failed: Only part of a ReadProcessMemory or WriteProcessMemory request was completed. (0x12B)
[0812/092328.214:ERROR:process_memory_win.cc(73)] ReadMemory at 0x1a97bb52d90 of 862 bytes failed: Only part of a ReadProcessMemory or WriteProcessMemory request was completed. (0x12B)
[0812/092328.215:ERROR:process_memory_win.cc(73)] ReadMemory at 0x1a97bb530f0 of 118 bytes failed: Only part of a ReadProcessMemory or WriteProcessMemory request was completed. (0x12B)
[0812/092328.215:ERROR:process_memory_win.cc(73)] ReadMemory at 0x1a97bb53168 of 102 bytes failed: Only part of a ReadProcessMemory or WriteProcessMemory request was completed. (0x12B)
[0812/092328.215:ERROR:process_memory_win.cc(73)] ReadMemory at 0x1a97bb531e0 of 58 bytes failed: Only part of a ReadProcessMemory or WriteProcessMemory request was completed. (0x12B)
[0812/092328.215:ERROR:process_memory_win.cc(73)] ReadMemory at 0x1a97bb532e0 of 132 bytes failed: Only part of a ReadProcessMemory or WriteProcessMemory request was completed. (0x12B)
[0812/092328.215:ERROR:process_memory_win.cc(73)] ReadMemory at 0x1a97bb53470 of 132 bytes failed: Only part of a ReadProcessMemory or WriteProcessMemory request was completed. (0x12B)
[0812/092328.215:ERROR:process_memory_win.cc(73)] ReadMemory at 0x1a97bb53630 of 126 bytes failed: Only part of a ReadProcessMemory or WriteProcessMemory request was completed. (0x12B)
[0812/092328.215:ERROR:process_memory_win.cc(73)] ReadMemory at 0x1a97bb53a10 of 132 bytes failed: Only part of a ReadProcessMemory or WriteProcessMemory request was completed. (0x12B)
[0812/092328.215:ERROR:process_memory_win.cc(73)] ReadMemory at 0x1a97bb53ba0 of 64 bytes failed: Only part of a ReadProcessMemory or WriteProcessMemory request was completed. (0x12B)
[0812/092328.216:ERROR:process_memory_win.cc(73)] ReadMemory at 0x1a97bb53bf0 of 132 bytes failed: Only part of a ReadProcessMemory or WriteProcessMemory request was completed. (0x12B)
[0812/092328.216:ERROR:process_memory_win.cc(73)] ReadMemory at 0x1a97bb53d60 of 132 bytes failed: Only part of a ReadProcessMemory or WriteProcessMemory request was completed. (0x12B)
[0812/092328.216:ERROR:process_memory_win.cc(73)] ReadMemory at 0x1a97bb53ff0 of 132 bytes failed: Only part of a ReadProcessMemory or WriteProcessMemory request was completed. (0x12B)
[0812/092328.216:ERROR:process_memory_win.cc(73)] ReadMemory at 0x1a97bb54180 of 68 bytes failed: Only part of a ReadProcessMemory or WriteProcessMemory request was completed. (0x12B)
[0812/092328.216:ERROR:process_memory_win.cc(73)] ReadMemory at 0x1a97bb55090 of 132 bytes failed: Only part of a ReadProcessMemory or WriteProcessMemory request was completed. (0x12B)
[0812/092328.216:ERROR:process_memory_win.cc(73)] ReadMemory at 0x1a97bb551c0 of 154 bytes failed: Only part of a ReadProcessMemory or WriteProcessMemory request was completed. (0x12B)
[0812/092328.216:ERROR:process_memory_win.cc(73)] ReadMemory at 0x1a97bb55dd0 of 158 bytes failed: Only part of a ReadProcessMemory or WriteProcessMemory request was completed. (0x12B)
[0812/092328.216:ERROR:process_memory_win.cc(73)] ReadMemory at 0x1a97bb55eb0 of 132 bytes failed: Only part of a ReadProcessMemory or WriteProcessMemory request was completed. (0x12B)
[0812/092328.292:ERROR:process_memory_win.cc(73)] ReadMemory at 0x1a97bb56090 of 62 bytes failed: Only part of a ReadProcessMemory or WriteProcessMemory request was completed. (0x12B)
[0812/092328.354:ERROR:process_memory_win.cc(73)] ReadMemory at 0x1a97bb560e0 of 132 bytes failed: Only part of a ReadProcessMemory or WriteProcessMemory request was completed. (0x12B)
[0812/092328.354:ERROR:process_memory_win.cc(73)] ReadMemory at 0x1a97bb56280 of 132 bytes failed: Only part of a ReadProcessMemory or WriteProcessMemory request was completed. (0x12B)
[0812/092328.354:ERROR:process_memory_win.cc(73)] ReadMemory at 0x1a97bb563b0 of 60 bytes failed: Only part of a ReadProcessMemory or WriteProcessMemory request was completed. (0x12B)
[0812/092328.354:ERROR:process_memory_win.cc(73)] ReadMemory at 0x1a97bb56730 of 132 bytes failed: Only part of a ReadProcessMemory or WriteProcessMemory request was completed. (0x12B)
[0812/092328.354:ERROR:process_memory_win.cc(73)] ReadMemory at 0x1a97bb5a7b0 of 512 bytes failed: Only part of a ReadProcessMemory or WriteProcessMemory request was completed. (0x12B)
[0812/092328.354:ERROR:process_memory_win.cc(73)] ReadMemory at 0x1a97bb5ad30 of 64 bytes failed: Only part of a ReadProcessMemory or WriteProcessMemory request was completed. (0x12B)
[0812/092328.354:ERROR:process_memory_win.cc(73)] ReadMemory at 0x1a97bb5ad80 of 64 bytes failed: Only part of a ReadProcessMemory or WriteProcessMemory request was completed. (0x12B)
[0812/092328.354:ERROR:process_memory_win.cc(73)] ReadMemory at 0x1a97bb5add0 of 60 bytes failed: Only part of a ReadProcessMemory or WriteProcessMemory request was completed. (0x12B)
[0812/092328.354:ERROR:process_memory_win.cc(73)] ReadMemory at 0x1a97bb5ae20 of 58 bytes failed: Only part of a ReadProcessMemory or WriteProcessMemory request was completed. (0x12B)
[0812/092328.355:ERROR:process_memory_win.cc(73)] ReadMemory at 0x1a97bb5aec0 of 64 bytes failed: Only part of a ReadProcessMemory or WriteProcessMemory request was completed. (0x12B)
[0812/092328.355:ERROR:process_memory_win.cc(73)] ReadMemory at 0x1a97bb5af10 of 64 bytes failed: Only part of a ReadProcessMemory or WriteProcessMemory request was completed. (0x12B)
[0812/092328.355:ERROR:process_memory_win.cc(73)] ReadMemory at 0x1a97bb5af60 of 60 bytes failed: Only part of a ReadProcessMemory or WriteProcessMemory request was completed. (0x12B)
[0812/092328.355:ERROR:process_memory_win.cc(73)] ReadMemory at 0x1a97bb5b000 of 58 bytes failed: Only part of a ReadProcessMemory or WriteProcessMemory request was completed. (0x12B)
[0812/092328.355:ERROR:process_memory_win.cc(73)] ReadMemory at 0x1a97bb5b0a0 of 62 bytes failed: Only part of a ReadProcessMemory or WriteProcessMemory request was completed. (0x12B)
[0812/092328.355:ERROR:process_memory_win.cc(73)] ReadMemory at 0x1a97bb5b0f0 of 62 bytes failed: Only part of a ReadProcessMemory or WriteProcessMemory request was completed. (0x12B)
[0812/092328.355:ERROR:process_memory_win.cc(73)] ReadMemory at 0x1a97bb5b140 of 60 bytes failed: Only part of a ReadProcessMemory or WriteProcessMemory request was completed. (0x12B)
[0812/092328.355:ERROR:process_memory_win.cc(73)] ReadMemory at 0x1a97bb5b190 of 62 bytes failed: Only part of a ReadProcessMemory or WriteProcessMemory request was completed. (0x12B)
[0812/092328.355:ERROR:process_memory_win.cc(73)] ReadMemory at 0x1a97bb5b1e0 of 60 bytes failed: Only part of a ReadProcessMemory or WriteProcessMemory request was completed. (0x12B)
[0812/092328.355:ERROR:process_memory_win.cc(73)] ReadMemory at 0x1a97bb5b230 of 60 bytes failed: Only part of a ReadProcessMemory or WriteProcessMemory request was completed. (0x12B)
[0812/092328.355:ERROR:process_memory_win.cc(73)] ReadMemory at 0x1a97bb5b280 of 66 bytes failed: Only part of a ReadProcessMemory or WriteProcessMemory request was completed. (0x12B)
[0812/092328.355:ERROR:process_memory_win.cc(73)] ReadMemory at 0x1a97bb5b2d0 of 62 bytes failed: Only part of a ReadProcessMemory or WriteProcessMemory request was completed. (0x12B)
[0812/092328.356:ERROR:process_memory_win.cc(73)] ReadMemory at 0x1a97bb5b320 of 60 bytes failed: Only part of a ReadProcessMemory or WriteProcessMemory request was completed. (0x12B)
[0812/092328.356:ERROR:process_memory_win.cc(73)] ReadMemory at 0x1a97bb5b370 of 62 bytes failed: Only part of a ReadProcessMemory or WriteProcessMemory request was completed. (0x12B)
[0812/092328.356:ERROR:process_memory_win.cc(73)] ReadMemory at 0x1a97bb5b410 of 66 bytes failed: Only part of a ReadProcessMemory or WriteProcessMemory request was completed. (0x12B)
[0812/092328.356:ERROR:process_memory_win.cc(73)] ReadMemory at 0x1a97bb5b460 of 64 bytes failed: Only part of a ReadProcessMemory or WriteProcessMemory request was completed. (0x12B)
[0812/092328.356:ERROR:process_memory_win.cc(73)] ReadMemory at 0x1a97bb5bb20 of 132 bytes failed: Only part of a ReadProcessMemory or WriteProcessMemory request was completed. (0x12B)
[0812/092328.356:ERROR:process_memory_win.cc(73)] ReadMemory at 0x1a97bb5bcb0 of 80 bytes failed: Only part of a ReadProcessMemory or WriteProcessMemory request was completed. (0x12B)
[0812/092328.356:ERROR:process_memory_win.cc(73)] ReadMemory at 0x1a97bb5c3b0 of 132 bytes failed: Only part of a ReadProcessMemory or WriteProcessMemory request was completed. (0x12B)
[0812/092328.356:ERROR:process_memory_win.cc(73)] ReadMemory at 0x1a97bb5c4e0 of 132 bytes failed: Only part of a ReadProcessMemory or WriteProcessMemory request was completed. (0x12B)
[0812/092328.356:ERROR:process_memory_win.cc(73)] ReadMemory at 0x1a97bb5c870 of 132 bytes failed: Only part of a ReadProcessMemory or WriteProcessMemory request was completed. (0x12B)
[0812/092328.356:ERROR:process_memory_win.cc(73)] ReadMemory at 0x1a97bb5cad0 of 132 bytes failed: Only part of a ReadProcessMemory or WriteProcessMemory request was completed. (0x12B)
[0812/092328.356:ERROR:process_memory_win.cc(73)] ReadMemory at 0x1a97bb5cc00 of 132 bytes failed: Only part of a ReadProcessMemory or WriteProcessMemory request was completed. (0x12B)
[0812/092328.356:ERROR:process_memory_win.cc(73)] ReadMemory at 0x1a97bb5cd30 of 132 bytes failed: Only part of a ReadProcessMemory or WriteProcessMemory request was completed. (0x12B)
[0812/092328.356:ERROR:process_memory_win.cc(73)] ReadMemory at 0x1a97bb5ce60 of 132 bytes failed: Only part of a ReadProcessMemory or WriteProcessMemory request was completed. (0x12B)
[0812/092328.357:ERROR:process_memory_win.cc(73)] ReadMemory at 0x1a97bb5cf90 of 132 bytes failed: Only part of a ReadProcessMemory or WriteProcessMemory request was completed. (0x12B)
[0812/092328.357:ERROR:process_memory_win.cc(73)] ReadMemory at 0x1a97bb5d0c0 of 132 bytes failed: Only part of a ReadProcessMemory or WriteProcessMemory request was completed. (0x12B)
[0812/092328.357:ERROR:process_memory_win.cc(73)] ReadMemory at 0x1a97bb5d450 of 132 bytes failed: Only part of a ReadProcessMemory or WriteProcessMemory request was completed. (0x12B)
[0812/092328.357:ERROR:process_memory_win.cc(73)] ReadMemory at 0x1a97bb5d580 of 132 bytes failed: Only part of a ReadProcessMemory or WriteProcessMemory request was completed. (0x12B)
[0812/092328.357:ERROR:process_memory_win.cc(73)] ReadMemory at 0x1a97bb5d6b0 of 132 bytes failed: Only part of a ReadProcessMemory or WriteProcessMemory request was completed. (0x12B)
[0812/092328.357:ERROR:process_memory_win.cc(73)] ReadMemory at 0x1a97bb5d7e0 of 132 bytes failed: Only part of a ReadProcessMemory or WriteProcessMemory request was completed. (0x12B)
[0812/092328.357:ERROR:process_memory_win.cc(73)] ReadMemory at 0x1a97bb5db70 of 132 bytes failed: Only part of a ReadProcessMemory or WriteProcessMemory request was completed. (0x12B)
[0812/092328.357:ERROR:process_memory_win.cc(73)] ReadMemory at 0x1a97bb5ddd0 of 132 bytes failed: Only part of a ReadProcessMemory or WriteProcessMemory request was completed. (0x12B)
[0812/092328.357:ERROR:process_memory_win.cc(73)] ReadMemory at 0x1a97bb5eec0 of 132 bytes failed: Only part of a ReadProcessMemory or WriteProcessMemory request was completed. (0x12B)
[0812/092328.357:ERROR:process_memory_win.cc(73)] ReadMemory at 0x1a97bb5f0d0 of 132 bytes failed: Only part of a ReadProcessMemory or WriteProcessMemory request was completed. (0x12B)
[0812/092328.357:ERROR:process_memory_win.cc(73)] ReadMemory at 0x1a97bb60890 of 132 bytes failed: Only part of a ReadProcessMemory or WriteProcessMemory request was completed. (0x12B)
[0812/092328.357:ERROR:process_memory_win.cc(73)] ReadMemory at 0x1a97bb60b70 of 54 bytes failed: Only part of a ReadProcessMemory or WriteProcessMemory request was completed. (0x12B)
[0812/092328.358:ERROR:process_memory_win.cc(73)] ReadMemory at 0x1a97bb61520 of 132 bytes failed: Only part of a ReadProcessMemory or WriteProcessMemory request was completed. (0x12B)
[0812/092328.358:ERROR:process_memory_win.cc(73)] ReadMemory at 0x1a97bb646d0 of 132 bytes failed: Only part of a ReadProcessMemory or WriteProcessMemory request was completed. (0x12B)
[0812/092328.358:ERROR:process_memory_win.cc(73)] ReadMemory at 0x1a97bb64800 of 132 bytes failed: Only part of a ReadProcessMemory or WriteProcessMemory request was completed. (0x12B)
[0812/092328.358:ERROR:process_memory_win.cc(73)] ReadMemory at 0x1a97bb64930 of 132 bytes failed: Only part of a ReadProcessMemory or WriteProcessMemory request was completed. (0x12B)
[0812/092328.358:ERROR:process_memory_win.cc(73)] ReadMemory at 0x1a97bb64a60 of 132 bytes failed: Only part of a ReadProcessMemory or WriteProcessMemory request was completed. (0x12B)
[0812/092328.358:ERROR:process_memory_win.cc(73)] ReadMemory at 0x1a97bb64b90 of 132 bytes failed: Only part of a ReadProcessMemory or WriteProcessMemory request was completed. (0x12B)
[0812/092328.358:ERROR:process_memory_win.cc(73)] ReadMemory at 0x1a97bb64cc0 of 132 bytes failed: Only part of a ReadProcessMemory or WriteProcessMemory request was completed. (0x12B)
[0812/092328.358:ERROR:process_memory_win.cc(73)] ReadMemory at 0x1a97bb64df0 of 132 bytes failed: Only part of a ReadProcessMemory or WriteProcessMemory request was completed. (0x12B)
[0812/092328.358:ERROR:process_memory_win.cc(73)] ReadMemory at 0x1a97bb64f20 of 132 bytes failed: Only part of a ReadProcessMemory or WriteProcessMemory request was completed. (0x12B)
[0812/092328.358:ERROR:process_memory_win.cc(73)] ReadMemory at 0x1a97bb65050 of 132 bytes failed: Only part of a ReadProcessMemory or WriteProcessMemory request was completed. (0x12B)
[0812/092328.358:ERROR:process_memory_win.cc(73)] ReadMemory at 0x1a97bb65180 of 132 bytes failed: Only part of a ReadProcessMemory or WriteProcessMemory request was completed. (0x12B)
[0812/092328.358:ERROR:process_memory_win.cc(73)] ReadMemory at 0x1a97bb652b0 of 132 bytes failed: Only part of a ReadProcessMemory or WriteProcessMemory request was completed. (0x12B)
[0812/092328.358:ERROR:process_memory_win.cc(73)] ReadMemory at 0x1a97bb653e0 of 132 bytes failed: Only part of a ReadProcessMemory or WriteProcessMemory request was completed. (0x12B)
[0812/092328.359:ERROR:process_memory_win.cc(73)] ReadMemory at 0x1a97bb66630 of 76 bytes failed: Only part of a ReadProcessMemory or WriteProcessMemory request was completed. (0x12B)
[0812/092328.359:ERROR:process_memory_win.cc(73)] ReadMemory at 0x1a97bb682d0 of 62 bytes failed: Only part of a ReadProcessMemory or WriteProcessMemory request was completed. (0x12B)
[0812/092328.359:ERROR:process_memory_win.cc(73)] ReadMemory at 0x1a97bb68320 of 62 bytes failed: Only part of a ReadProcessMemory or WriteProcessMemory request was completed. (0x12B)
[0812/092328.359:ERROR:process_memory_win.cc(73)] ReadMemory at 0x1a97bb68370 of 64 bytes failed: Only part of a ReadProcessMemory or WriteProcessMemory request was completed. (0x12B)
[0812/092328.359:ERROR:process_memory_win.cc(73)] ReadMemory at 0x1a97bb68960 of 62 bytes failed: Only part of a ReadProcessMemory or WriteProcessMemory request was completed. (0x12B)
[0812/092328.359:ERROR:process_memory_win.cc(73)] ReadMemory at 0x1a97bb689b0 of 58 bytes failed: Only part of a ReadProcessMemory or WriteProcessMemory request was completed. (0x12B)
[0812/092328.359:ERROR:process_memory_win.cc(73)] ReadMemory at 0x1a97bb68af0 of 66 bytes failed: Only part of a ReadProcessMemory or WriteProcessMemory request was completed. (0x12B)
[0812/092328.359:ERROR:process_memory_win.cc(73)] ReadMemory at 0x1a97bb68c80 of 60 bytes failed: Only part of a ReadProcessMemory or WriteProcessMemory request was completed. (0x12B)
[0812/092328.359:ERROR:process_memory_win.cc(73)] ReadMemory at 0x1a97bb68eb0 of 64 bytes failed: Only part of a ReadProcessMemory or WriteProcessMemory request was completed. (0x12B)
[0812/092328.359:ERROR:process_memory_win.cc(73)] ReadMemory at 0x1a97bb68f00 of 62 bytes failed: Only part of a ReadProcessMemory or WriteProcessMemory request was completed. (0x12B)
[0812/092328.359:ERROR:process_memory_win.cc(73)] ReadMemory at 0x1a97bb69040 of 64 bytes failed: Only part of a ReadProcessMemory or WriteProcessMemory request was completed. (0x12B)
[0812/092328.360:ERROR:process_memory_win.cc(73)] ReadMemory at 0x1a97bb690e0 of 62 bytes failed: Only part of a ReadProcessMemory or WriteProcessMemory request was completed. (0x12B)
[0812/092328.360:ERROR:process_memory_win.cc(73)] ReadMemory at 0x1a97bb69220 of 60 bytes failed: Only part of a ReadProcessMemory or WriteProcessMemory request was completed. (0x12B)
[0812/092328.393:ERROR:process_memory_win.cc(73)] ReadMemory at 0x1a97bb7c210 of 512 bytes failed: Only part of a ReadProcessMemory or WriteProcessMemory request was completed. (0x12B)
[0812/092328.393:ERROR:process_memory_win.cc(73)] ReadMemory at 0x184839200000 of 384 bytes failed: Only part of a ReadProcessMemory or WriteProcessMemory request was completed. (0x12B)
[0812/092328.393:ERROR:process_memory_win.cc(73)] ReadMemory at 0x7ffde30642ce of 512 bytes failed: Only part of a ReadProcessMemory or WriteProcessMemory request was completed. (0x12B)
[0812/092328.393:ERROR:process_memory_win.cc(73)] ReadMemory at 0x7ffde3306920 of 512 bytes failed: Only part of a ReadProcessMemory or WriteProcessMemory request was completed. (0x12B)
[0812/092328.393:ERROR:process_memory_win.cc(73)] ReadMemory at 0x7ffe1531580a of 512 bytes failed: Only part of a ReadProcessMemory or WriteProcessMemory request was completed. (0x12B)
[0812/092328.393:ERROR:process_memory_win.cc(73)] ReadMemory at 0x7ffe15316061 of 512 bytes failed: Only part of a ReadProcessMemory or WriteProcessMemory request was completed. (0x12B)
[0812/092328.394:ERROR:process_memory_win.cc(73)] ReadMemory at 0x7ffe29340e00 of 512 bytes failed: Only part of a ReadProcessMemory or WriteProcessMemory request was completed. (0x12B)
[0812/092328.394:ERROR:process_memory_win.cc(73)] ReadMemory at 0x7ffe2b9079f0 of 512 bytes failed: Only part of a ReadProcessMemory or WriteProcessMemory request was completed. (0x12B)
[0812/092328.394:ERROR:process_memory_win.cc(73)] ReadMemory at 0x7ffe2b9082e0 of 512 bytes failed: Only part of a ReadProcessMemory or WriteProcessMemory request was completed. (0x12B)
[0812/092328.394:ERROR:process_memory_win.cc(73)] ReadMemory at 0x7ffe2b90a0d0 of 512 bytes failed: Only part of a ReadProcessMemory or WriteProcessMemory request was completed. (0x12B)
[0812/092328.394:ERROR:process_memory_win.cc(73)] ReadMemory at 0x7ffe2b97a9a4 of 1152 bytes failed: Only part of a ReadProcessMemory or WriteProcessMemory request was completed. (0x12B)
[0812/092328.394:ERROR:process_memory_win.cc(73)] ReadMemory at 0x7ffe2b97e214 of 608 bytes failed: Only part of a ReadProcessMemory or WriteProcessMemory request was completed. (0x12B)
[0812/092328.394:ERROR:process_memory_win.cc(73)] ReadMemory at 0x7ffe2ba001e0 of 18 bytes failed: Only part of a ReadProcessMemory or WriteProcessMemory request was completed. (0x12B)
[0812/092328.394:ERROR:process_memory_win.cc(73)] ReadMemory at 0x7ffe2ba365b0 of 40 bytes failed: Only part of a ReadProcessMemory or WriteProcessMemory request was completed. (0x12B)
[0812/092328.395:ERROR:process_memory_win.cc(73)] ReadMemory at 0x7ffe2ba36a08 of 48 bytes failed: Only part of a ReadProcessMemory or WriteProcessMemory request was completed. (0x12B)
[0812/092328.395:ERROR:process_memory_win.cc(73)] ReadMemory at 0x7ffe2ba3c360 of 64 bytes failed: Only part of a ReadProcessMemory or WriteProcessMemory request was completed. (0x12B)
[0812/092328.684:ERROR:scoped_process_suspend.cc(40)] NtResumeProcess: An attempt was made to access an exiting process. (0xc000010a)
